<?xml version="1.0" encoding="UTF-8"?>
<!-- Generated by org.testng.reporters.JUnitReportReporter -->
<testsuite hostname="LAPTOP-Q9V0DDDH" failures="0" tests="3" name="com.project.ProductTest.VerifyElectricProduct" time="0.015" errors="0" timestamp="2024-11-07T16:29:41 IST" skipped="0">
  <testcase classname="com.project.ProductTest.VerifyElectricProduct" name="createProduct" time="0.002"/>
  <system-out>
    <![CDATA[ElectricProduct  product created]]>
  </system-out>
  <testcase classname="com.project.ProductTest.VerifyElectricProduct" name="updateproduct" time="0.011"/>
  <system-out>
    <![CDATA[ElectricProduct  product updated]]>
  </system-out>
  <testcase classname="com.project.ProductTest.VerifyElectricProduct" name="updateproduct" time="0.002"/>
  <system-out>
    <![CDATA[ElectricProduct  product updated]]>
  </system-out>
</testsuite> <!-- com.project.ProductTest.VerifyElectricProduct -->
