<?xml version="1.0" encoding="UTF-8"?>
<!-- Generated by org.testng.reporters.JUnitReportReporter -->
<testsuite hostname="LAPTOP-Q9V0DDDH" failures="0" tests="3" name="com.project.ProductTest.VerifyKidsProduct" time="0.007" errors="0" timestamp="2024-11-07T16:29:41 IST" skipped="0">
  <testcase classname="com.project.ProductTest.VerifyKidsProduct" name="createProduct" time="0.005"/>
  <system-out>
    <![CDATA[kids product created]]>
  </system-out>
  <testcase classname="com.project.ProductTest.VerifyKidsProduct" name="updateproduct" time="0.001"/>
  <system-out>
    <![CDATA[kids product updated]]>
  </system-out>
  <testcase classname="com.project.ProductTest.VerifyKidsProduct" name="updateproduct" time="0.001"/>
  <system-out>
    <![CDATA[kids product updated]]>
  </system-out>
</testsuite> <!-- com.project.ProductTest.VerifyKidsProduct -->
